CRITICAL - 2025-04-14 22:00:50 --> CodeIgniter\View\Exceptions\ViewException: Invalid file: "page/home.php"
[Method: GET, Route: /]
in SYSTEMPATH\Exceptions\FrameworkException.php on line 39.
 1 SYSTEMPATH\View\View.php(212): CodeIgniter\Exceptions\FrameworkException::forInvalidFile('page/home.php')
 2 SYSTEMPATH\Common.php(1173): CodeIgniter\View\View->render('page/home', [], true)
 3 APPPATH\Controllers\Home.php(29): view('page/home', [...])
 4 SYSTEMPATH\CodeIgniter.php(933): App\Controllers\Home->principal()
 5 SYSTEMPATH\CodeIgniter.php(507): CodeIgniter\CodeIgniter->runController(Object(App\Controllers\Home))
 6 SYSTEMPATH\CodeIgniter.php(354): CodeIgniter\CodeIgniter->handleRequest(null, Object(Config\Cache), false)
 7 SYSTEMPATH\Boot.php(334): CodeIgniter\CodeIgniter->run()
 8 SYSTEMPATH\Boot.php(67): CodeIgniter\Boot::runCodeIgniter(Object(CodeIgniter\CodeIgniter))
 9 FCPATH\index.php(56): CodeIgniter\Boot::bootWeb(Object(Config\Paths))
10 SYSTEMPATH\rewrite.php(44): require_once('C:\\WS\\facultad\\rep\\ecomerce\\public\\index.php')
CRITICAL - 2025-04-14 22:01:15 --> CodeIgniter\View\Exceptions\ViewException: Invalid file: "page/home.php"
[Method: GET, Route: /]
in SYSTEMPATH\Exceptions\FrameworkException.php on line 39.
 1 SYSTEMPATH\View\View.php(212): CodeIgniter\Exceptions\FrameworkException::forInvalidFile('page/home.php')
 2 SYSTEMPATH\Common.php(1173): CodeIgniter\View\View->render('page/home', [], true)
 3 APPPATH\Controllers\Home.php(29): view('page/home', [...])
 4 SYSTEMPATH\CodeIgniter.php(933): App\Controllers\Home->principal()
 5 SYSTEMPATH\CodeIgniter.php(507): CodeIgniter\CodeIgniter->runController(Object(App\Controllers\Home))
 6 SYSTEMPATH\CodeIgniter.php(354): CodeIgniter\CodeIgniter->handleRequest(null, Object(Config\Cache), false)
 7 SYSTEMPATH\Boot.php(334): CodeIgniter\CodeIgniter->run()
 8 SYSTEMPATH\Boot.php(67): CodeIgniter\Boot::runCodeIgniter(Object(CodeIgniter\CodeIgniter))
 9 FCPATH\index.php(56): CodeIgniter\Boot::bootWeb(Object(Config\Paths))
10 SYSTEMPATH\rewrite.php(44): require_once('C:\\WS\\facultad\\rep\\ecomerce\\public\\index.php')
CRITICAL - 2025-04-14 22:01:21 --> CodeIgniter\View\Exceptions\ViewException: Invalid file: "page/home.php"
[Method: GET, Route: /]
in SYSTEMPATH\Exceptions\FrameworkException.php on line 39.
 1 SYSTEMPATH\View\View.php(212): CodeIgniter\Exceptions\FrameworkException::forInvalidFile('page/home.php')
 2 SYSTEMPATH\Common.php(1173): CodeIgniter\View\View->render('page/home', [], true)
 3 APPPATH\Controllers\Home.php(29): view('page/home', [...])
 4 SYSTEMPATH\CodeIgniter.php(933): App\Controllers\Home->principal()
 5 SYSTEMPATH\CodeIgniter.php(507): CodeIgniter\CodeIgniter->runController(Object(App\Controllers\Home))
 6 SYSTEMPATH\CodeIgniter.php(354): CodeIgniter\CodeIgniter->handleRequest(null, Object(Config\Cache), false)
 7 SYSTEMPATH\Boot.php(334): CodeIgniter\CodeIgniter->run()
 8 SYSTEMPATH\Boot.php(67): CodeIgniter\Boot::runCodeIgniter(Object(CodeIgniter\CodeIgniter))
 9 FCPATH\index.php(56): CodeIgniter\Boot::bootWeb(Object(Config\Paths))
10 SYSTEMPATH\rewrite.php(44): require_once('C:\\WS\\facultad\\rep\\ecomerce\\public\\index.php')
